------------------------------------------------------------------------------------------------------------------------

[2020-10-15 09:28:52 #1 store] 
Database 'C:\Users\Jon Ander\git\ProjectSI\BetAndRuin\resources\bets.temp' is opened by 14312@LAPTOP-Q6JRT6VR

[2020-10-15 09:28:52 #2 store] 
Configuration path: ?

[2020-10-15 09:28:53 #3 type] 
Type domain.Event is not enhanced.

[2020-10-15 09:28:53 #4 type] 
Type domain.Question is not enhanced.

[2020-10-15 09:28:53 #5 type] 
Type domain.Competition is not enhanced.

[2020-10-15 09:28:53 #6 type] 
Type domain.Prediction is not enhanced.

[2020-10-15 09:28:58 #7 type] 
Type domain.User is not enhanced.

[2020-10-15 09:28:58 #8 type] 
Type domain.CreditCard is not enhanced.

[2020-10-15 09:28:58 #9 type] 
Type domain.Bet is not enhanced.

[2020-10-15 09:28:58 #10 type] 
Type domain.Profile is not enhanced.

------------------------------------------------------------------------------------------------------------------------

[2020-10-15 09:31:46 #1 store] 
Database 'C:\Users\Jon Ander\git\ProjectSI\BetAndRuin\resources\bets.temp' is opened by 12612@LAPTOP-Q6JRT6VR

[2020-10-15 09:31:46 #2 store] 
Configuration path: ?

[2020-10-15 09:31:46 #3 type] 
Type domain.Event is not enhanced.

[2020-10-15 09:31:46 #4 type] 
Type domain.Question is not enhanced.

[2020-10-15 09:31:46 #5 type] 
Type domain.Competition is not enhanced.

[2020-10-15 09:31:46 #6 type] 
Type domain.Prediction is not enhanced.

[2020-10-15 09:31:52 #7 type] 
Type domain.User is not enhanced.

[2020-10-15 09:31:52 #8 type] 
Type domain.CreditCard is not enhanced.

[2020-10-15 09:31:52 #9 type] 
Type domain.Bet is not enhanced.

[2020-10-15 09:31:52 #10 type] 
Type domain.Profile is not enhanced.

[2020-10-15 09:32:04 #11 type] 
Type domain.FeedbackRecord is not enhanced.

[2020-10-15 09:32:04 #12 type] 
Type domain.Feedback is not enhanced.

------------------------------------------------------------------------------------------------------------------------

[2020-10-15 09:49:13 #1 store] 
Database 'C:\Users\Jon Ander\git\ProjectSI\BetAndRuin\resources\bets.temp' is opened by 956@LAPTOP-Q6JRT6VR

[2020-10-15 09:49:13 #2 store] 
Configuration path: ?

[2020-10-15 09:49:14 #3 type] 
Type domain.Event is not enhanced.

[2020-10-15 09:49:14 #4 type] 
Type domain.Question is not enhanced.

[2020-10-15 09:49:14 #5 type] 
Type domain.Competition is not enhanced.

[2020-10-15 09:49:14 #6 type] 
Type domain.Prediction is not enhanced.

[2020-10-15 09:49:19 #7 type] 
Type domain.User is not enhanced.

[2020-10-15 09:49:19 #8 type] 
Type domain.CreditCard is not enhanced.

[2020-10-15 09:49:19 #9 type] 
Type domain.Bet is not enhanced.

[2020-10-15 09:49:19 #10 type] 
Type domain.Profile is not enhanced.

