------------------------------------------------------------------------------------------------------------------------

[2020-10-14 18:09:17 #1 store] 
Database 'C:\Users\Jon Ander\git\ProjectSI\BetAndRuin\resources\bets.temp' is opened by 1052@LAPTOP-Q6JRT6VR

[2020-10-14 18:09:17 #2 store] 
Configuration path: ?

[2020-10-14 18:09:17 #3 type] 
Type domain.Event is not enhanced.

[2020-10-14 18:09:17 #4 type] 
Type domain.Question is not enhanced.

[2020-10-14 18:09:17 #5 type] 
Type domain.Competition is not enhanced.

[2020-10-14 18:09:17 #6 type] 
Type domain.Prediction is not enhanced.

------------------------------------------------------------------------------------------------------------------------

[2020-10-14 19:10:26 #1 store] 
Database 'C:\Users\Jon Ander\git\ProjectSI\BetAndRuin\resources\bets.temp' is opened by 6532@LAPTOP-Q6JRT6VR

[2020-10-14 19:10:26 #2 store] 
Configuration path: ?

[2020-10-14 19:10:26 #3 type] 
Type domain.Event is not enhanced.

[2020-10-14 19:10:26 #4 type] 
Type domain.Question is not enhanced.

[2020-10-14 19:10:26 #5 type] 
Type domain.Competition is not enhanced.

[2020-10-14 19:10:27 #6 type] 
Type domain.Prediction is not enhanced.

------------------------------------------------------------------------------------------------------------------------

[2020-10-14 19:35:30 #1 store] 
Database 'C:\Users\Jon Ander\git\ProjectSI\BetAndRuin\resources\bets.temp' is opened by 9044@LAPTOP-Q6JRT6VR

[2020-10-14 19:35:30 #2 store] 
Configuration path: ?

[2020-10-14 19:35:31 #3 type] 
Type domain.Event is not enhanced.

[2020-10-14 19:35:31 #4 type] 
Type domain.Question is not enhanced.

[2020-10-14 19:35:31 #5 type] 
Type domain.Competition is not enhanced.

[2020-10-14 19:35:31 #6 type] 
Type domain.Prediction is not enhanced.

------------------------------------------------------------------------------------------------------------------------

[2020-10-14 19:54:54 #1 store] 
Database 'C:\Users\Jon Ander\git\ProjectSI\BetAndRuin\resources\bets.temp' is opened by 7672@LAPTOP-Q6JRT6VR

[2020-10-14 19:54:54 #2 store] 
Configuration path: ?

[2020-10-14 19:54:54 #3 type] 
Type domain.Event is not enhanced.

[2020-10-14 19:54:54 #4 type] 
Type domain.Question is not enhanced.

[2020-10-14 19:54:54 #5 type] 
Type domain.Competition is not enhanced.

[2020-10-14 19:54:54 #6 type] 
Type domain.Prediction is not enhanced.

[2020-10-14 19:54:59 #7 type] 
Type domain.User is not enhanced.

[2020-10-14 19:54:59 #8 type] 
Type domain.CreditCard is not enhanced.

[2020-10-14 19:54:59 #9 type] 
Type domain.Bet is not enhanced.

[2020-10-14 19:54:59 #10 type] 
Type domain.Profile is not enhanced.

------------------------------------------------------------------------------------------------------------------------

[2020-10-14 20:12:51 #1 store] 
Database 'C:\Users\Jon Ander\git\ProjectSI\BetAndRuin\resources\bets.temp' is opened by 13020@LAPTOP-Q6JRT6VR

[2020-10-14 20:12:51 #2 store] 
Configuration path: ?

[2020-10-14 20:12:52 #3 type] 
Type domain.Event is not enhanced.

[2020-10-14 20:12:52 #4 type] 
Type domain.Question is not enhanced.

[2020-10-14 20:12:52 #5 type] 
Type domain.Competition is not enhanced.

[2020-10-14 20:12:52 #6 type] 
Type domain.Prediction is not enhanced.

