------------------------------------------------------------------------------------------------------------------------

[2020-10-18 19:19:16 #1 store] 
Database 'D:\eclipseWorkspace\git\ProjectSIMaven\resources\bets.temp' is opened by 13896@DESKTOP-R59AO6Q

[2020-10-18 19:19:16 #2 store] 
Configuration path: ?

[2020-10-18 19:19:16 #3 type] 
Type domain.Event is not enhanced.

[2020-10-18 19:19:16 #4 type] 
Type domain.Question is not enhanced.

[2020-10-18 19:19:16 #5 type] 
Type domain.Competition is not enhanced.

[2020-10-18 19:19:16 #6 type] 
Type domain.Prediction is not enhanced.

[2020-10-18 19:19:20 #7 type] 
Type domain.User is not enhanced.

[2020-10-18 19:19:20 #8 type] 
Type domain.CreditCard is not enhanced.

[2020-10-18 19:19:20 #9 type] 
Type domain.Bet is not enhanced.

[2020-10-18 19:19:20 #10 type] 
Type domain.Profile is not enhanced.

------------------------------------------------------------------------------------------------------------------------

[2020-10-18 19:20:04 #1 store] 
Database 'D:\eclipseWorkspace\git\ProjectSIMaven\resources\bets.temp' is opened by 14112@DESKTOP-R59AO6Q

[2020-10-18 19:20:04 #2 store] 
Configuration path: ?

[2020-10-18 19:20:04 #3 type] 
Type domain.Event is not enhanced.

[2020-10-18 19:20:04 #4 type] 
Type domain.Question is not enhanced.

[2020-10-18 19:20:04 #5 type] 
Type domain.Competition is not enhanced.

[2020-10-18 19:20:04 #6 type] 
Type domain.Prediction is not enhanced.

[2020-10-18 19:20:08 #7 type] 
Type domain.User is not enhanced.

[2020-10-18 19:20:08 #8 type] 
Type domain.CreditCard is not enhanced.

[2020-10-18 19:20:08 #9 type] 
Type domain.Bet is not enhanced.

[2020-10-18 19:20:08 #10 type] 
Type domain.Profile is not enhanced.

------------------------------------------------------------------------------------------------------------------------

[2020-10-18 19:20:38 #1 store] 
Database 'D:\eclipseWorkspace\git\ProjectSIMaven\resources\bets.temp' is opened by 8652@DESKTOP-R59AO6Q

[2020-10-18 19:20:38 #2 store] 
Configuration path: ?

------------------------------------------------------------------------------------------------------------------------

[2020-10-18 19:29:47 #1 store] 
Database 'D:\eclipseWorkspace\git\ProjectSIMaven\resources\bets.temp' is opened by 2848@DESKTOP-R59AO6Q

[2020-10-18 19:29:47 #2 store] 
Configuration path: ?

[2020-10-18 19:29:47 #3 type] 
Type domain.Event is not enhanced.

[2020-10-18 19:29:47 #4 type] 
Type domain.Question is not enhanced.

[2020-10-18 19:29:47 #5 type] 
Type domain.Competition is not enhanced.

[2020-10-18 19:29:47 #6 type] 
Type domain.Prediction is not enhanced.

------------------------------------------------------------------------------------------------------------------------

[2020-10-18 19:30:10 #1 store] 
Database 'D:\eclipseWorkspace\git\ProjectSIMaven\resources\bets.temp' is opened by 4644@DESKTOP-R59AO6Q

[2020-10-18 19:30:10 #2 store] 
Configuration path: ?

[2020-10-18 19:30:10 #3 type] 
Type domain.Event is not enhanced.

[2020-10-18 19:30:10 #4 type] 
Type domain.Question is not enhanced.

[2020-10-18 19:30:10 #5 type] 
Type domain.Competition is not enhanced.

[2020-10-18 19:30:10 #6 type] 
Type domain.Prediction is not enhanced.

------------------------------------------------------------------------------------------------------------------------

[2020-10-18 19:30:27 #1 store] 
Database 'D:\eclipseWorkspace\git\ProjectSIMaven\resources\bets.temp' is opened by 12420@DESKTOP-R59AO6Q

[2020-10-18 19:30:27 #2 store] 
Configuration path: ?

[2020-10-18 19:30:27 #3 type] 
Type domain.Event is not enhanced.

[2020-10-18 19:30:27 #4 type] 
Type domain.Question is not enhanced.

[2020-10-18 19:30:27 #5 type] 
Type domain.Competition is not enhanced.

[2020-10-18 19:30:27 #6 type] 
Type domain.Prediction is not enhanced.

------------------------------------------------------------------------------------------------------------------------

[2020-10-18 19:31:08 #1 store] 
Database 'D:\eclipseWorkspace\git\ProjectSIMaven\resources\bets.temp' is opened by 16084@DESKTOP-R59AO6Q

[2020-10-18 19:31:08 #2 store] 
Configuration path: ?

[2020-10-18 19:31:08 #3 type] 
Type domain.Event is not enhanced.

[2020-10-18 19:31:08 #4 type] 
Type domain.Question is not enhanced.

[2020-10-18 19:31:08 #5 type] 
Type domain.Competition is not enhanced.

[2020-10-18 19:31:08 #6 type] 
Type domain.Prediction is not enhanced.

------------------------------------------------------------------------------------------------------------------------

[2020-10-18 19:31:24 #1 store] 
Database 'D:\eclipseWorkspace\git\ProjectSIMaven\resources\bets.temp' is opened by 2088@DESKTOP-R59AO6Q

[2020-10-18 19:31:24 #2 store] 
Configuration path: ?

[2020-10-18 19:31:24 #3 type] 
Type domain.Event is not enhanced.

[2020-10-18 19:31:24 #4 type] 
Type domain.Question is not enhanced.

[2020-10-18 19:31:24 #5 type] 
Type domain.Competition is not enhanced.

[2020-10-18 19:31:24 #6 type] 
Type domain.Prediction is not enhanced.

------------------------------------------------------------------------------------------------------------------------

[2020-10-18 19:31:55 #1 store] 
Database 'D:\eclipseWorkspace\git\ProjectSIMaven\resources\bets.temp' is opened by 15272@DESKTOP-R59AO6Q

[2020-10-18 19:31:55 #2 store] 
Configuration path: ?

[2020-10-18 19:31:56 #3 type] 
Type domain.Event is not enhanced.

[2020-10-18 19:31:56 #4 type] 
Type domain.Question is not enhanced.

[2020-10-18 19:31:56 #5 type] 
Type domain.Competition is not enhanced.

[2020-10-18 19:31:56 #6 type] 
Type domain.Prediction is not enhanced.

------------------------------------------------------------------------------------------------------------------------

[2020-10-18 19:33:14 #1 store] 
Database 'D:\eclipseWorkspace\git\ProjectSIMaven\resources\bets.temp' is opened by 13356@DESKTOP-R59AO6Q

[2020-10-18 19:33:14 #2 store] 
Configuration path: ?

[2020-10-18 19:33:14 #3 type] 
Type domain.Event is not enhanced.

[2020-10-18 19:33:14 #4 type] 
Type domain.Question is not enhanced.

[2020-10-18 19:33:14 #5 type] 
Type domain.Competition is not enhanced.

[2020-10-18 19:33:15 #6 type] 
Type domain.Prediction is not enhanced.

------------------------------------------------------------------------------------------------------------------------

[2020-10-18 19:35:29 #1 store] 
Database 'D:\eclipseWorkspace\git\ProjectSIMaven\resources\bets.temp' is opened by 9688@DESKTOP-R59AO6Q

[2020-10-18 19:35:29 #2 store] 
Configuration path: ?

[2020-10-18 19:35:29 #3 type] 
Type domain.Event is not enhanced.

[2020-10-18 19:35:29 #4 type] 
Type domain.Question is not enhanced.

[2020-10-18 19:35:29 #5 type] 
Type domain.Competition is not enhanced.

[2020-10-18 19:35:29 #6 type] 
Type domain.Prediction is not enhanced.

------------------------------------------------------------------------------------------------------------------------

[2020-10-18 19:37:17 #1 store] 
Database 'D:\eclipseWorkspace\git\ProjectSIMaven\resources\bets.temp' is opened by 10860@DESKTOP-R59AO6Q

[2020-10-18 19:37:17 #2 store] 
Configuration path: ?

[2020-10-18 19:37:17 #3 type] 
Type domain.Event is not enhanced.

[2020-10-18 19:37:17 #4 type] 
Type domain.Question is not enhanced.

[2020-10-18 19:37:17 #5 type] 
Type domain.Competition is not enhanced.

[2020-10-18 19:37:17 #6 type] 
Type domain.Prediction is not enhanced.

------------------------------------------------------------------------------------------------------------------------

[2020-10-18 19:37:28 #1 store] 
Database 'D:\eclipseWorkspace\git\ProjectSIMaven\resources\bets.temp' is opened by 9776@DESKTOP-R59AO6Q

[2020-10-18 19:37:28 #2 store] 
Configuration path: ?

[2020-10-18 19:37:28 #3 type] 
Type domain.Event is not enhanced.

[2020-10-18 19:37:28 #4 type] 
Type domain.Question is not enhanced.

[2020-10-18 19:37:28 #5 type] 
Type domain.Competition is not enhanced.

[2020-10-18 19:37:28 #6 type] 
Type domain.Prediction is not enhanced.

------------------------------------------------------------------------------------------------------------------------

[2020-10-18 19:38:30 #1 store] 
Database 'D:\eclipseWorkspace\git\ProjectSIMaven\resources\bets.temp' is opened by 15412@DESKTOP-R59AO6Q

[2020-10-18 19:38:30 #2 store] 
Configuration path: ?

[2020-10-18 19:38:30 #3 type] 
Type domain.Question is not enhanced.

[2020-10-18 19:38:30 #4 type] 
Type domain.Event is not enhanced.

[2020-10-18 19:38:30 #5 type] 
Type domain.Prediction is not enhanced.

[2020-10-18 19:38:30 #6 type] 
Type domain.Competition is not enhanced.

------------------------------------------------------------------------------------------------------------------------

[2020-10-18 19:38:40 #1 store] 
Database 'D:\eclipseWorkspace\git\ProjectSIMaven\resources\bets.temp' is opened by 8928@DESKTOP-R59AO6Q

[2020-10-18 19:38:40 #2 store] 
Configuration path: ?

[2020-10-18 19:38:40 #3 type] 
Type domain.Question is not enhanced.

[2020-10-18 19:38:40 #4 type] 
Type domain.Event is not enhanced.

[2020-10-18 19:38:40 #5 type] 
Type domain.Prediction is not enhanced.

[2020-10-18 19:38:40 #6 type] 
Type domain.Competition is not enhanced.

------------------------------------------------------------------------------------------------------------------------

[2020-10-18 19:39:31 #1 store] 
Database 'D:\eclipseWorkspace\git\ProjectSIMaven\resources\bets.temp' is opened by 7372@DESKTOP-R59AO6Q

[2020-10-18 19:39:31 #2 store] 
Configuration path: ?

[2020-10-18 19:39:31 #3 type] 
Type domain.Question is not enhanced.

[2020-10-18 19:39:31 #4 type] 
Type domain.Event is not enhanced.

[2020-10-18 19:39:31 #5 type] 
Type domain.Prediction is not enhanced.

[2020-10-18 19:39:31 #6 type] 
Type domain.Competition is not enhanced.

